<?xml version="1.0" encoding="UTF-8"?>
<!-- Generated by org.testng.reporters.JUnitXMLReporter -->
<testsuite ignored="0" hostname="ClaytonRitchie" failures="0" tests="6" name="Surefire test" time="2.481" errors="0" timestamp="2022-01-19T19:44:31 EST">
  <testcase classname="Get200ProviderTest" name="baseUrlReturns200" time="0.429"/>
  <testcase classname="Get200ProviderTest" name="baseUrlReturns200" time="0.225"/>
  <testcase classname="Get200ProviderTest" name="baseUrlReturns200" time="0.985"/>
  <testcase classname="Get200Test" name="baseUrlReturns200" time="0.215"/>
  <testcase classname="Get200Test" name="rateReturns200" time="0.199"/>
  <testcase classname="Get200Test" name="searchReturns200" time="0.233"/>
</testsuite> <!-- Surefire test -->
