<?xml version="1.0" encoding="UTF-8"?>
<testng-results ignored="0" total="6" passed="6" failed="0" skipped="0">
  <reporter-output>
  </reporter-output>
  <suite started-at="2022-01-19T19:44:29 EST" name="Surefire suite" finished-at="2022-01-19T19:44:31 EST" duration-ms="2481">
    <groups>
    </groups>
    <test started-at="2022-01-19T19:44:29 EST" name="Surefire test" finished-at="2022-01-19T19:44:31 EST" duration-ms="2481">
      <class name="Get200ProviderTest">
        <test-method is-config="true" signature="setup()[pri:0, instance:Get200ProviderTest@61009542]" started-at="2022-01-19T19:44:29 EST" name="setup" finished-at="2022-01-19T19:44:29 EST" duration-ms="161" status="PASS">
          <reporter-output>
          </reporter-output>
        </test-method> <!-- setup -->
        <test-method signature="baseUrlReturns200(java.lang.String)[pri:0, instance:Get200ProviderTest@61009542]" started-at="2022-01-19T19:44:29 EST" name="baseUrlReturns200" data-provider="endpoints" finished-at="2022-01-19T19:44:29 EST" duration-ms="429" status="PASS">
          <params>
            <param index="0">
              <value>
                <![CDATA[]]>
              </value>
            </param>
          </params>
          <reporter-output>
          </reporter-output>
        </test-method> <!-- baseUrlReturns200 -->
        <test-method is-config="true" signature="closeResources()[pri:0, instance:Get200ProviderTest@61009542]" started-at="2022-01-19T19:44:29 EST" name="closeResources" finished-at="2022-01-19T19:44:29 EST" duration-ms="1" status="PASS">
          <reporter-output>
          </reporter-output>
        </test-method> <!-- closeResources -->
        <test-method is-config="true" signature="setup()[pri:0, instance:Get200ProviderTest@61009542]" started-at="2022-01-19T19:44:29 EST" name="setup" finished-at="2022-01-19T19:44:29 EST" duration-ms="0" status="PASS">
          <reporter-output>
          </reporter-output>
        </test-method> <!-- setup -->
        <test-method signature="baseUrlReturns200(java.lang.String)[pri:0, instance:Get200ProviderTest@61009542]" started-at="2022-01-19T19:44:29 EST" name="baseUrlReturns200" data-provider="endpoints" finished-at="2022-01-19T19:44:30 EST" duration-ms="225" status="PASS">
          <params>
            <param index="0">
              <value>
                <![CDATA[/rate_limit]]>
              </value>
            </param>
          </params>
          <reporter-output>
          </reporter-output>
        </test-method> <!-- baseUrlReturns200 -->
        <test-method is-config="true" signature="closeResources()[pri:0, instance:Get200ProviderTest@61009542]" started-at="2022-01-19T19:44:30 EST" name="closeResources" finished-at="2022-01-19T19:44:30 EST" duration-ms="1" status="PASS">
          <reporter-output>
          </reporter-output>
        </test-method> <!-- closeResources -->
        <test-method is-config="true" signature="setup()[pri:0, instance:Get200ProviderTest@61009542]" started-at="2022-01-19T19:44:30 EST" name="setup" finished-at="2022-01-19T19:44:30 EST" duration-ms="1" status="PASS">
          <reporter-output>
          </reporter-output>
        </test-method> <!-- setup -->
        <test-method signature="baseUrlReturns200(java.lang.String)[pri:0, instance:Get200ProviderTest@61009542]" started-at="2022-01-19T19:44:30 EST" name="baseUrlReturns200" data-provider="endpoints" finished-at="2022-01-19T19:44:31 EST" duration-ms="985" status="PASS">
          <params>
            <param index="0">
              <value>
                <![CDATA[/search/repositories?q=java]]>
              </value>
            </param>
          </params>
          <reporter-output>
          </reporter-output>
        </test-method> <!-- baseUrlReturns200 -->
        <test-method is-config="true" signature="closeResources()[pri:0, instance:Get200ProviderTest@61009542]" started-at="2022-01-19T19:44:31 EST" name="closeResources" finished-at="2022-01-19T19:44:31 EST" duration-ms="1" status="PASS">
          <reporter-output>
          </reporter-output>
        </test-method> <!-- closeResources -->
      </class> <!-- Get200ProviderTest -->
      <class name="Get200Test">
        <test-method is-config="true" signature="setup()[pri:0, instance:Get200Test@123f1134]" started-at="2022-01-19T19:44:31 EST" name="setup" finished-at="2022-01-19T19:44:31 EST" duration-ms="1" status="PASS">
          <reporter-output>
          </reporter-output>
        </test-method> <!-- setup -->
        <test-method signature="baseUrlReturns200()[pri:0, instance:Get200Test@123f1134]" started-at="2022-01-19T19:44:31 EST" name="baseUrlReturns200" finished-at="2022-01-19T19:44:31 EST" duration-ms="215" status="PASS">
          <reporter-output>
          </reporter-output>
        </test-method> <!-- baseUrlReturns200 -->
        <test-method is-config="true" signature="closeResources()[pri:0, instance:Get200Test@123f1134]" started-at="2022-01-19T19:44:31 EST" name="closeResources" finished-at="2022-01-19T19:44:31 EST" duration-ms="0" status="PASS">
          <reporter-output>
          </reporter-output>
        </test-method> <!-- closeResources -->
        <test-method is-config="true" signature="setup()[pri:0, instance:Get200Test@123f1134]" started-at="2022-01-19T19:44:31 EST" name="setup" finished-at="2022-01-19T19:44:31 EST" duration-ms="0" status="PASS">
          <reporter-output>
          </reporter-output>
        </test-method> <!-- setup -->
        <test-method signature="rateReturns200()[pri:0, instance:Get200Test@123f1134]" started-at="2022-01-19T19:44:31 EST" name="rateReturns200" finished-at="2022-01-19T19:44:31 EST" duration-ms="199" status="PASS">
          <reporter-output>
          </reporter-output>
        </test-method> <!-- rateReturns200 -->
        <test-method is-config="true" signature="closeResources()[pri:0, instance:Get200Test@123f1134]" started-at="2022-01-19T19:44:31 EST" name="closeResources" finished-at="2022-01-19T19:44:31 EST" duration-ms="1" status="PASS">
          <reporter-output>
          </reporter-output>
        </test-method> <!-- closeResources -->
        <test-method is-config="true" signature="setup()[pri:0, instance:Get200Test@123f1134]" started-at="2022-01-19T19:44:31 EST" name="setup" finished-at="2022-01-19T19:44:31 EST" duration-ms="1" status="PASS">
          <reporter-output>
          </reporter-output>
        </test-method> <!-- setup -->
        <test-method signature="searchReturns200()[pri:0, instance:Get200Test@123f1134]" started-at="2022-01-19T19:44:31 EST" name="searchReturns200" finished-at="2022-01-19T19:44:31 EST" duration-ms="233" status="PASS">
          <reporter-output>
          </reporter-output>
        </test-method> <!-- searchReturns200 -->
        <test-method is-config="true" signature="closeResources()[pri:0, instance:Get200Test@123f1134]" started-at="2022-01-19T19:44:31 EST" name="closeResources" finished-at="2022-01-19T19:44:31 EST" duration-ms="1" status="PASS">
          <reporter-output>
          </reporter-output>
        </test-method> <!-- closeResources -->
      </class> <!-- Get200Test -->
    </test> <!-- Surefire test -->
  </suite> <!-- Surefire suite -->
</testng-results>
